app/build/outputs/logs/manifest-merger-debug-report.txt
-- Merging decision tree log ---
manifest
ADDED from src\main\AndroidManifest.xml:16:1-42:12
	package
		ADDED from src\main\AndroidManifest.xml:17:7-52
		INJECTED from src\main\AndroidManifest.xml
		INJECTED from src\main\AndroidManifest.xml
	android:versionName
		ADDED from src\main\AndroidManifest.xml:19:7-32
		INJECTED from src\main\AndroidManifest.xml
		INJECTED from src\main\AndroidManifest.xml
	android:versionCode
		ADDED from src\main\AndroidManifest.xml:18:7-30
		INJECTED from src\main\AndroidManifest.xml
		INJECTED from src\main\AndroidManifest.xml
	xmlns:android
		ADDED from src\main\AndroidManifest.xml:16:11-69
uses-sdk
ADDED from src\main\AndroidManifest.xml:20:6-22:41
	android:targetSdkVersion
		ADDED from src\main\AndroidManifest.xml:22:9-38
		INJECTED from src\main\AndroidManifest.xml
		INJECTED from src\main\AndroidManifest.xml
	android:minSdkVersion
		ADDED from src\main\AndroidManifest.xml:21:9-34
		INJECTED from src\main\AndroidManifest.xml
		INJECTED from src\main\AndroidManifest.xml
uses-permission#android.permission.BLUETOOTH_ADMIN
ADDED from src\main\AndroidManifest.xml:23:5-74
	android:name
		ADDED from src\main\AndroidManifest.xml:23:22-71
uses-permission#android.permission.BLUETOOTH
ADDED from src\main\AndroidManifest.xml:24:5-68
	android:name
		ADDED from src\main\AndroidManifest.xml:24:22-65
application
ADDED from src\main\AndroidManifest.xml:26:5-41:19
	android:label
		ADDED from src\main\AndroidManifest.xml:27:9-41
	android:icon
		ADDED from src\main\AndroidManifest.xml:28:4-40
activity#com.example.android.BluetoothSerial.BluetoothSerial
ADDED from src\main\AndroidManifest.xml:29:9-36:20
	android:label
		ADDED from src\main\AndroidManifest.xml:30:19-51
	android:configChanges
		ADDED from src\main\AndroidManifest.xml:31:19-69
	android:name
		ADDED from src\main\AndroidManifest.xml:29:19-85
intent-filter#android.intent.action.MAIN+android.intent.category.LAUNCHER
ADDED from src\main\AndroidManifest.xml:32:13-35:29
action#android.intent.action.MAIN
ADDED from src\main\AndroidManifest.xml:33:17-69
	android:name
		ADDED from src\main\AndroidManifest.xml:33:25-66
category#android.intent.category.LAUNCHER
ADDED from src\main\AndroidManifest.xml:34:17-77
	android:name
		ADDED from src\main\AndroidManifest.xml:34:27-74
activity#com.example.android.BluetoothSerial.DeviceListActivity
ADDED from src\main\AndroidManifest.xml:37:9-40:72
	android:label
		ADDED from src\main\AndroidManifest.xml:38:19-56
	android:configChanges
		ADDED from src\main\AndroidManifest.xml:40:19-69
	android:theme
		ADDED from src\main\AndroidManifest.xml:39:19-62
	android:name
		ADDED from src\main\AndroidManifest.xml:37:19-88